{"contracts/Activatable.sol":{"l":{"12":8,"13":6,"17":17,"18":15,"22":4,"23":4,"27":8,"28":8},"path":"/Users/adrenaline0206/Desktop/dapps-client/contracts/Activatable.sol","s":{"1":8,"2":17,"3":4,"4":4,"5":8,"6":8},"b":{"1":[6,2],"2":[15,2]},"f":{"1":8,"2":17,"3":4,"4":8},"fnMap":{"1":{"name":"whenActive","line":11,"loc":{"start":{"line":11,"column":4},"end":{"line":11,"column":23}}},"2":{"name":"whenNotActive","line":16,"loc":{"start":{"line":16,"column":4},"end":{"line":16,"column":26}}},"3":{"name":"deactivate","line":21,"loc":{"start":{"line":21,"column":52},"end":{"line":21,"column":3}}},"4":{"name":"activate","line":26,"loc":{"start":{"line":26,"column":53},"end":{"line":26,"column":3}}}},"statementMap":{"1":{"start":{"line":12,"column":8},"end":{"line":12,"column":45}},"2":{"start":{"line":17,"column":8},"end":{"line":17,"column":46}},"3":{"start":{"line":22,"column":8},"end":{"line":22,"column":21}},"4":{"start":{"line":23,"column":8},"end":{"line":23,"column":35}},"5":{"start":{"line":27,"column":8},"end":{"line":27,"column":20}},"6":{"start":{"line":28,"column":8},"end":{"line":28,"column":33}}},"branchMap":{"1":{"line":12,"type":"if","locations":[{"start":{"line":12,"column":8},"end":{"line":12,"column":8}},{"start":{"line":12,"column":8},"end":{"line":12,"column":8}}]},"2":{"line":17,"type":"if","locations":[{"start":{"line":17,"column":8},"end":{"line":17,"column":8}},{"start":{"line":17,"column":8},"end":{"line":17,"column":8}}]}}},"contracts/Room.sol":{"l":{"21":21,"25":15,"26":13,"34":16,"35":14,"36":12,"40":8,"42":6,"43":6,"44":6,"48":5,"50":3,"51":3,"52":3},"path":"/Users/adrenaline0206/Desktop/dapps-client/contracts/Room.sol","s":{"1":21,"2":15,"3":13,"4":16,"5":14,"6":12,"7":8,"8":6,"9":6,"10":6,"11":5,"12":3,"13":3,"14":3},"b":{"1":[13,2],"2":[14,2],"3":[12,2],"4":[8,4],"5":[6,2],"6":[3,2]},"f":{"1":21,"2":15,"3":16,"4":5},"fnMap":{"1":{"name":"constructor","line":20,"loc":{"start":{"line":20,"column":4},"end":{"line":20,"column":53}}},"2":{"name":"deposit","line":24,"loc":{"start":{"line":24,"column":52},"end":{"line":24,"column":3}}},"3":{"name":"sendReward","line":33,"loc":{"start":{"line":33,"column":23},"end":{"line":33,"column":3}}},"4":{"name":"refundToOwner","line":47,"loc":{"start":{"line":47,"column":60},"end":{"line":47,"column":3}}}},"statementMap":{"1":{"start":{"line":21,"column":8},"end":{"line":21,"column":24}},"2":{"start":{"line":25,"column":8},"end":{"line":25,"column":64}},"3":{"start":{"line":26,"column":8},"end":{"line":26,"column":45}},"4":{"start":{"line":34,"column":8},"end":{"line":34,"column":60}},"5":{"start":{"line":35,"column":8},"end":{"line":35,"column":63}},"6":{"start":{"line":36,"column":8},"end":{"line":36,"column":1019}},"7":{"start":{"line":40,"column":8},"end":{"line":40,"column":57}},"8":{"start":{"line":42,"column":8},"end":{"line":42,"column":29}},"9":{"start":{"line":43,"column":8},"end":{"line":43,"column":30}},"10":{"start":{"line":44,"column":8},"end":{"line":44,"column":44}},"11":{"start":{"line":48,"column":8},"end":{"line":48,"column":78}},"12":{"start":{"line":50,"column":8},"end":{"line":50,"column":55}},"13":{"start":{"line":51,"column":8},"end":{"line":51,"column":39}},"14":{"start":{"line":52,"column":8},"end":{"line":52,"column":57}}},"branchMap":{"1":{"line":25,"type":"if","locations":[{"start":{"line":25,"column":8},"end":{"line":25,"column":8}},{"start":{"line":25,"column":8},"end":{"line":25,"column":8}}]},"2":{"line":34,"type":"if","locations":[{"start":{"line":34,"column":8},"end":{"line":34,"column":8}},{"start":{"line":34,"column":8},"end":{"line":34,"column":8}}]},"3":{"line":35,"type":"if","locations":[{"start":{"line":35,"column":8},"end":{"line":35,"column":8}},{"start":{"line":35,"column":8},"end":{"line":35,"column":8}}]},"4":{"line":36,"type":"if","locations":[{"start":{"line":36,"column":8},"end":{"line":36,"column":8}},{"start":{"line":36,"column":8},"end":{"line":36,"column":8}}]},"5":{"line":40,"type":"if","locations":[{"start":{"line":40,"column":8},"end":{"line":40,"column":8}},{"start":{"line":40,"column":8},"end":{"line":40,"column":8}}]},"6":{"line":48,"type":"if","locations":[{"start":{"line":48,"column":8},"end":{"line":48,"column":8}},{"start":{"line":48,"column":8},"end":{"line":48,"column":8}}]}}},"contracts/RoomFactory.sol":{"l":{"16":3,"20":1,"24":7,"25":7},"path":"/Users/adrenaline0206/Desktop/dapps-client/contracts/RoomFactory.sol","s":{"1":3,"2":1,"3":7,"4":7},"b":{},"f":{"1":3,"2":1,"3":7},"fnMap":{"1":{"name":"pause","line":15,"loc":{"start":{"line":15,"column":50},"end":{"line":15,"column":2}}},"2":{"name":"unpause","line":19,"loc":{"start":{"line":19,"column":49},"end":{"line":19,"column":2}}},"3":{"name":"createRoom","line":23,"loc":{"start":{"line":23,"column":55},"end":{"line":23,"column":3}}}},"statementMap":{"1":{"start":{"line":16,"column":8},"end":{"line":16,"column":15}},"2":{"start":{"line":20,"column":8},"end":{"line":20,"column":17}},"3":{"start":{"line":24,"column":8},"end":{"line":24,"column":74}},"4":{"start":{"line":25,"column":8},"end":{"line":25,"column":56}}},"branchMap":{}}}